<?xml version="1.0" encoding="UTF-8"?>
<!-- Generated by org.testng.reporters.JUnitXMLReporter -->
<testsuite ignored="0" hostname="LAPTOP-5VJ5O17R" failures="0" tests="3" name="Test" time="3.849" errors="0" timestamp="2023-12-01T00:40:23 IST">
  <testcase classname="com.khanAcademy.TestPackage.TestBase" name="@BeforeMethod setUp" time="1.939">
    <failure type="org.openqa.selenium.remote.http.ConnectionFailedException" message="Unable to establish websocket connection to http://localhost:59589/devtools/browser/1e3edd5e-2a59-4410-919d-917dc1502c0a
Build info: version: &amp;apos;4.4.0&amp;apos;, revision: &amp;apos;e5c75ed026a&amp;apos;
System info: host: &amp;apos;LAPTOP-5VJ5O17R&amp;apos;, ip: &amp;apos;192.168.130.220&amp;apos;, os.name: &amp;apos;Windows 11&amp;apos;, os.arch: &amp;apos;amd64&amp;apos;, os.version: &amp;apos;10.0&amp;apos;, java.version: &amp;apos;18.0.2&amp;apos;
Driver info: driver.version: ChromeDriver">
      <![CDATA[org.openqa.selenium.remote.http.ConnectionFailedException: Unable to establish websocket connection to http://localhost:59589/devtools/browser/1e3edd5e-2a59-4410-919d-917dc1502c0a
Build info: version: '4.4.0', revision: 'e5c75ed026a'
System info: host: 'LAPTOP-5VJ5O17R', ip: '192.168.130.220', os.name: 'Windows 11', os.arch: 'amd64', os.version: '10.0', java.version: '18.0.2'
Driver info: driver.version: ChromeDriver
at org.openqa.selenium.remote.http.netty.NettyWebSocket.<init>(NettyWebSocket.java:102)
at org.openqa.selenium.remote.http.netty.NettyWebSocket.lambda$create$3(NettyWebSocket.java:128)
at org.openqa.selenium.remote.http.netty.NettyClient.openSocket(NettyClient.java:106)
at org.openqa.selenium.devtools.Connection.<init>(Connection.java:77)
at org.openqa.selenium.chromium.ChromiumDriver.lambda$new$2(ChromiumDriver.java:116)
at java.base/java.util.Optional.map(Optional.java:260)
at org.openqa.selenium.chromium.ChromiumDriver.<init>(ChromiumDriver.java:114)
at org.openqa.selenium.chrome.ChromeDriver.<init>(ChromeDriver.java:81)
at org.openqa.selenium.chrome.ChromeDriver.<init>(ChromeDriver.java:49)
at com.khanAcademy.TestPackage.TestBase.setUp(TestBase.java:38)
at java.base/java.util.ArrayList.forEach(ArrayList.java:1511)
... Removed 29 stack frames]]>
    </failure>
  </testcase> <!-- @BeforeMethod setUp -->
  <testcase classname="com.khanAcademy.TestPackage.TestBase" name="@AfterMethod logOut" time="-1.701371421384E9">
    <skipped/>
  </testcase> <!-- @AfterMethod logOut -->
  <testcase classname="com.khanAcademy.TestPackage.TestBase" name="@BeforeMethod setUp" time="0.924">
    <failure type="org.openqa.selenium.remote.http.ConnectionFailedException" message="Unable to establish websocket connection to http://localhost:59602/devtools/browser/8ece401c-ce21-4f31-8eb8-6c195079afb7
Build info: version: &amp;apos;4.4.0&amp;apos;, revision: &amp;apos;e5c75ed026a&amp;apos;
System info: host: &amp;apos;LAPTOP-5VJ5O17R&amp;apos;, ip: &amp;apos;192.168.130.220&amp;apos;, os.name: &amp;apos;Windows 11&amp;apos;, os.arch: &amp;apos;amd64&amp;apos;, os.version: &amp;apos;10.0&amp;apos;, java.version: &amp;apos;18.0.2&amp;apos;
Driver info: driver.version: ChromeDriver">
      <![CDATA[org.openqa.selenium.remote.http.ConnectionFailedException: Unable to establish websocket connection to http://localhost:59602/devtools/browser/8ece401c-ce21-4f31-8eb8-6c195079afb7
Build info: version: '4.4.0', revision: 'e5c75ed026a'
System info: host: 'LAPTOP-5VJ5O17R', ip: '192.168.130.220', os.name: 'Windows 11', os.arch: 'amd64', os.version: '10.0', java.version: '18.0.2'
Driver info: driver.version: ChromeDriver
at org.openqa.selenium.remote.http.netty.NettyWebSocket.<init>(NettyWebSocket.java:102)
at org.openqa.selenium.remote.http.netty.NettyWebSocket.lambda$create$3(NettyWebSocket.java:128)
at org.openqa.selenium.remote.http.netty.NettyClient.openSocket(NettyClient.java:106)
at org.openqa.selenium.devtools.Connection.<init>(Connection.java:77)
at org.openqa.selenium.chromium.ChromiumDriver.lambda$new$2(ChromiumDriver.java:116)
at java.base/java.util.Optional.map(Optional.java:260)
at org.openqa.selenium.chromium.ChromiumDriver.<init>(ChromiumDriver.java:114)
at org.openqa.selenium.chrome.ChromeDriver.<init>(ChromeDriver.java:81)
at org.openqa.selenium.chrome.ChromeDriver.<init>(ChromeDriver.java:49)
at com.khanAcademy.TestPackage.TestBase.setUp(TestBase.java:38)
at java.base/java.util.ArrayList.forEach(ArrayList.java:1511)
... Removed 29 stack frames]]>
    </failure>
  </testcase> <!-- @BeforeMethod setUp -->
  <testcase classname="com.khanAcademy.TestPackage.TestBase" name="@AfterMethod logOut" time="-1.701371422332E9">
    <skipped/>
  </testcase> <!-- @AfterMethod logOut -->
  <testcase classname="com.khanAcademy.TestPackage.TestBase" name="@BeforeMethod setUp" time="0.899">
    <failure type="org.openqa.selenium.remote.http.ConnectionFailedException" message="Unable to establish websocket connection to http://localhost:59616/devtools/browser/2fdf46c3-1f1f-4678-9520-a8d2d3a3db05
Build info: version: &amp;apos;4.4.0&amp;apos;, revision: &amp;apos;e5c75ed026a&amp;apos;
System info: host: &amp;apos;LAPTOP-5VJ5O17R&amp;apos;, ip: &amp;apos;192.168.130.220&amp;apos;, os.name: &amp;apos;Windows 11&amp;apos;, os.arch: &amp;apos;amd64&amp;apos;, os.version: &amp;apos;10.0&amp;apos;, java.version: &amp;apos;18.0.2&amp;apos;
Driver info: driver.version: ChromeDriver">
      <![CDATA[org.openqa.selenium.remote.http.ConnectionFailedException: Unable to establish websocket connection to http://localhost:59616/devtools/browser/2fdf46c3-1f1f-4678-9520-a8d2d3a3db05
Build info: version: '4.4.0', revision: 'e5c75ed026a'
System info: host: 'LAPTOP-5VJ5O17R', ip: '192.168.130.220', os.name: 'Windows 11', os.arch: 'amd64', os.version: '10.0', java.version: '18.0.2'
Driver info: driver.version: ChromeDriver
at org.openqa.selenium.remote.http.netty.NettyWebSocket.<init>(NettyWebSocket.java:102)
at org.openqa.selenium.remote.http.netty.NettyWebSocket.lambda$create$3(NettyWebSocket.java:128)
at org.openqa.selenium.remote.http.netty.NettyClient.openSocket(NettyClient.java:106)
at org.openqa.selenium.devtools.Connection.<init>(Connection.java:77)
at org.openqa.selenium.chromium.ChromiumDriver.lambda$new$2(ChromiumDriver.java:116)
at java.base/java.util.Optional.map(Optional.java:260)
at org.openqa.selenium.chromium.ChromiumDriver.<init>(ChromiumDriver.java:114)
at org.openqa.selenium.chrome.ChromeDriver.<init>(ChromeDriver.java:81)
at org.openqa.selenium.chrome.ChromeDriver.<init>(ChromeDriver.java:49)
at com.khanAcademy.TestPackage.TestBase.setUp(TestBase.java:38)
at java.base/java.util.ArrayList.forEach(ArrayList.java:1511)
... Removed 29 stack frames]]>
    </failure>
  </testcase> <!-- @BeforeMethod setUp -->
  <testcase classname="com.khanAcademy.TestPackage.TestBase" name="@AfterMethod logOut" time="-1.701371423242E9">
    <skipped/>
  </testcase> <!-- @AfterMethod logOut -->
  <testcase classname="com.khanAcademy.TestPackage.TC01_LoginFunctionality" name="verifyTheLoginFunctionality" time="0.0">
    <skipped/>
  </testcase> <!-- verifyTheLoginFunctionality -->
  <testcase classname="com.khanAcademy.TestPackage.TC02_LogoutFunctionality" name="verifyTheLogoutFunctionality" time="0.0">
    <skipped/>
  </testcase> <!-- verifyTheLogoutFunctionality -->
  <testcase classname="com.khanAcademy.TestPackage.TC03_DragAndDropFunctionality" name="verifyTheDragAndDropFunctionality" time="0.0">
    <skipped/>
  </testcase> <!-- verifyTheDragAndDropFunctionality -->
</testsuite> <!-- Test -->
